I, _snd_pcm_slimplexor_open, -----------------------------------
I, _snd_pcm_slimplexor_open, Loading SlimPlexor v0.1.0 plugin...
I, _snd_pcm_slimplexor_open, Logging level is DEBUG
I, _snd_pcm_slimplexor_open, Logging destination is /home/user/Sandbox/Workspace.cpp/SlimStreamer/slimplexor.log
I, _snd_pcm_slimplexor_open, PCM dump file is not used
I, _snd_pcm_slimplexor_open, Plugin was loaded
D, callback_hw_params, HW parameters setup callback was invoked
I, set_dst_hw_params, destination device=hw:2,0,1
I, set_dst_hw_params, destination period size=4096
I, set_dst_hw_params, destination periods=8
I, set_dst_hw_params, source format=2
D, open_destination_device, Transfer buffer was allocated (49152 bytes)
D, callback_sw_params, SW parameters setup callback was invoked
D, callback_prepare, Prepare processing callback was invoked
D, callback_sw_params, SW parameters setup callback was invoked
D, callback_pointer, Pointer change callback was called (pointer=0, buffer size=32768)
D, callback_transfer, Data transfer callback was invoked (offset=0, frames provided=4096, frames already present=0)
D, callback_pointer, Pointer change callback was called (pointer=8192, buffer size=32768)
D, callback_transfer, Data transfer callback was invoked (offset=0, frames provided=4096, frames already present=0)
D, callback_pointer, Pointer change callback was called (pointer=12288, buffer size=32768)
D, callback_transfer, Data transfer callback was invoked (offset=0, frames provided=4096, frames already present=0)
D, callback_pointer, Pointer change callback was called (pointer=16384, buffer size=32768)
D, callback_transfer, Data transfer callback was invoked (offset=0, frames provided=4096, frames already present=0)
D, callback_pointer, Pointer change callback was called (pointer=20480, buffer size=32768)
D, callback_transfer, Data transfer callback was invoked (offset=0, frames provided=4096, frames already present=0)
D, callback_pointer, Pointer change callback was called (pointer=24576, buffer size=32768)
D, callback_transfer, Data transfer callback was invoked (offset=0, frames provided=4096, frames already present=0)
D, callback_pointer, Pointer change callback was called (pointer=28672, buffer size=32768)
D, callback_transfer, Data transfer callback was invoked (offset=0, frames provided=4096, frames already present=0)
D, callback_pointer, Pointer change callback was called (pointer=32768, buffer size=32768)
D, callback_transfer, Data transfer callback was invoked (offset=0, frames provided=4096, frames already present=0)
D, callback_pointer, Pointer change callback was called (pointer=4096, buffer size=32768)
D, callback_transfer, Data transfer callback was invoked (offset=0, frames provided=4096, frames already present=0)
D, callback_pointer, Pointer change callback was called (pointer=8192, buffer size=32768)
D, callback_transfer, Data transfer callback was invoked (offset=0, frames provided=4096, frames already present=0)
D, callback_pointer, Pointer change callback was called (pointer=12288, buffer size=32768)
D, callback_transfer, Data transfer callback was invoked (offset=0, frames provided=4096, frames already present=0)
D, callback_pointer, Pointer change callback was called (pointer=16384, buffer size=32768)
D, callback_transfer, Data transfer callback was invoked (offset=0, frames provided=4096, frames already present=0)
D, callback_pointer, Pointer change callback was called (pointer=20480, buffer size=32768)
D, callback_transfer, Data transfer callback was invoked (offset=0, frames provided=4096, frames already present=0)
D, callback_pointer, Pointer change callback was called (pointer=24576, buffer size=32768)
D, callback_transfer, Data transfer callback was invoked (offset=0, frames provided=4096, frames already present=0)
D, callback_pointer, Pointer change callback was called (pointer=28672, buffer size=32768)
D, callback_transfer, Data transfer callback was invoked (offset=0, frames provided=4096, frames already present=0)
D, callback_pointer, Pointer change callback was called (pointer=32768, buffer size=32768)
D, callback_transfer, Data transfer callback was invoked (offset=0, frames provided=4096, frames already present=0)
D, callback_pointer, Pointer change callback was called (pointer=4096, buffer size=32768)
D, callback_transfer, Data transfer callback was invoked (offset=0, frames provided=4096, frames already present=0)
D, callback_pointer, Pointer change callback was called (pointer=8192, buffer size=32768)
D, callback_transfer, Data transfer callback was invoked (offset=0, frames provided=4096, frames already present=0)
D, callback_pointer, Pointer change callback was called (pointer=12288, buffer size=32768)
D, callback_transfer, Data transfer callback was invoked (offset=0, frames provided=4096, frames already present=0)
D, callback_pointer, Pointer change callback was called (pointer=16384, buffer size=32768)
D, callback_transfer, Data transfer callback was invoked (offset=0, frames provided=4096, frames already present=0)
D, callback_pointer, Pointer change callback was called (pointer=20480, buffer size=32768)
D, callback_transfer, Data transfer callback was invoked (offset=0, frames provided=4096, frames already present=0)
D, callback_pointer, Pointer change callback was called (pointer=24576, buffer size=32768)
D, callback_transfer, Data transfer callback was invoked (offset=0, frames provided=4096, frames already present=0)
D, callback_pointer, Pointer change callback was called (pointer=28672, buffer size=32768)
D, callback_transfer, Data transfer callback was invoked (offset=0, frames provided=4096, frames already present=0)
D, callback_pointer, Pointer change callback was called (pointer=32768, buffer size=32768)
D, callback_transfer, Data transfer callback was invoked (offset=0, frames provided=4096, frames already present=0)
D, callback_pointer, Pointer change callback was called (pointer=4096, buffer size=32768)
D, callback_transfer, Data transfer callback was invoked (offset=0, frames provided=4096, frames already present=0)
D, callback_pointer, Pointer change callback was called (pointer=8192, buffer size=32768)
D, callback_transfer, Data transfer callback was invoked (offset=0, frames provided=4096, frames already present=0)
D, callback_pointer, Pointer change callback was called (pointer=12288, buffer size=32768)
D, callback_transfer, Data transfer callback was invoked (offset=0, frames provided=4096, frames already present=0)
D, callback_pointer, Pointer change callback was called (pointer=16384, buffer size=32768)
D, callback_transfer, Data transfer callback was invoked (offset=0, frames provided=4096, frames already present=0)
D, callback_pointer, Pointer change callback was called (pointer=20480, buffer size=32768)
D, callback_transfer, Data transfer callback was invoked (offset=0, frames provided=4096, frames already present=0)
D, callback_pointer, Pointer change callback was called (pointer=24576, buffer size=32768)
D, callback_transfer, Data transfer callback was invoked (offset=0, frames provided=4096, frames already present=0)
D, callback_pointer, Pointer change callback was called (pointer=28672, buffer size=32768)
D, callback_transfer, Data transfer callback was invoked (offset=0, frames provided=4096, frames already present=0)
D, callback_pointer, Pointer change callback was called (pointer=32768, buffer size=32768)
D, callback_transfer, Data transfer callback was invoked (offset=0, frames provided=4096, frames already present=0)
D, callback_pointer, Pointer change callback was called (pointer=4096, buffer size=32768)
D, callback_transfer, Data transfer callback was invoked (offset=0, frames provided=4096, frames already present=0)
D, callback_pointer, Pointer change callback was called (pointer=8192, buffer size=32768)
D, callback_transfer, Data transfer callback was invoked (offset=0, frames provided=4096, frames already present=0)
D, callback_pointer, Pointer change callback was called (pointer=12288, buffer size=32768)
D, callback_transfer, Data transfer callback was invoked (offset=0, frames provided=4096, frames already present=0)
D, callback_pointer, Pointer change callback was called (pointer=16384, buffer size=32768)
D, callback_transfer, Data transfer callback was invoked (offset=0, frames provided=4096, frames already present=0)
D, callback_pointer, Pointer change callback was called (pointer=20480, buffer size=32768)
D, callback_transfer, Data transfer callback was invoked (offset=0, frames provided=4096, frames already present=0)
D, callback_pointer, Pointer change callback was called (pointer=24576, buffer size=32768)
D, callback_transfer, Data transfer callback was invoked (offset=0, frames provided=4096, frames already present=0)
D, callback_pointer, Pointer change callback was called (pointer=28672, buffer size=32768)
D, callback_transfer, Data transfer callback was invoked (offset=0, frames provided=4096, frames already present=0)
D, callback_pointer, Pointer change callback was called (pointer=32768, buffer size=32768)
D, callback_transfer, Data transfer callback was invoked (offset=0, frames provided=4096, frames already present=0)
D, callback_pointer, Pointer change callback was called (pointer=4096, buffer size=32768)
D, callback_transfer, Data transfer callback was invoked (offset=0, frames provided=4096, frames already present=0)
D, callback_pointer, Pointer change callback was called (pointer=8192, buffer size=32768)
D, callback_transfer, Data transfer callback was invoked (offset=0, frames provided=4096, frames already present=0)
D, callback_pointer, Pointer change callback was called (pointer=12288, buffer size=32768)
D, callback_transfer, Data transfer callback was invoked (offset=0, frames provided=4096, frames already present=0)
D, callback_pointer, Pointer change callback was called (pointer=16384, buffer size=32768)
D, callback_transfer, Data transfer callback was invoked (offset=0, frames provided=4096, frames already present=0)
D, callback_pointer, Pointer change callback was called (pointer=20480, buffer size=32768)
D, callback_transfer, Data transfer callback was invoked (offset=0, frames provided=4096, frames already present=0)
D, callback_pointer, Pointer change callback was called (pointer=24576, buffer size=32768)
D, callback_transfer, Data transfer callback was invoked (offset=0, frames provided=4096, frames already present=0)
D, callback_pointer, Pointer change callback was called (pointer=28672, buffer size=32768)
D, callback_transfer, Data transfer callback was invoked (offset=0, frames provided=4096, frames already present=0)
D, callback_pointer, Pointer change callback was called (pointer=32768, buffer size=32768)
D, callback_transfer, Data transfer callback was invoked (offset=0, frames provided=4096, frames already present=0)
D, callback_pointer, Pointer change callback was called (pointer=4096, buffer size=32768)
D, callback_transfer, Data transfer callback was invoked (offset=0, frames provided=4096, frames already present=0)
D, callback_pointer, Pointer change callback was called (pointer=8192, buffer size=32768)
D, callback_transfer, Data transfer callback was invoked (offset=0, frames provided=4096, frames already present=0)
D, callback_pointer, Pointer change callback was called (pointer=12288, buffer size=32768)
D, callback_transfer, Data transfer callback was invoked (offset=0, frames provided=4096, frames already present=0)
D, callback_pointer, Pointer change callback was called (pointer=16384, buffer size=32768)
D, callback_transfer, Data transfer callback was invoked (offset=0, frames provided=4096, frames already present=0)
D, callback_pointer, Pointer change callback was called (pointer=20480, buffer size=32768)
D, callback_transfer, Data transfer callback was invoked (offset=0, frames provided=4096, frames already present=0)
D, callback_pointer, Pointer change callback was called (pointer=24576, buffer size=32768)
D, callback_transfer, Data transfer callback was invoked (offset=0, frames provided=4096, frames already present=0)
D, callback_pointer, Pointer change callback was called (pointer=28672, buffer size=32768)
D, callback_transfer, Data transfer callback was invoked (offset=0, frames provided=4096, frames already present=0)
D, callback_pointer, Pointer change callback was called (pointer=32768, buffer size=32768)
D, callback_transfer, Data transfer callback was invoked (offset=0, frames provided=4096, frames already present=0)
D, callback_pointer, Pointer change callback was called (pointer=4096, buffer size=32768)
D, callback_transfer, Data transfer callback was invoked (offset=0, frames provided=4096, frames already present=0)
D, callback_pointer, Pointer change callback was called (pointer=8192, buffer size=32768)
D, callback_transfer, Data transfer callback was invoked (offset=0, frames provided=4096, frames already present=0)
D, callback_stop, Stop processing callback was invoked
D, callback_stop, Stop processing callback was invoked
D, callback_close, Close stream callback was invoked
I, close_destination_device, Destination device was closed
I, _snd_pcm_slimplexor_open, -----------------------------------
I, _snd_pcm_slimplexor_open, Loading SlimPlexor v0.1.0 plugin...
I, _snd_pcm_slimplexor_open, Logging level is DEBUG
I, _snd_pcm_slimplexor_open, Logging destination is /home/user/Sandbox/Workspace.cpp/SlimStreamer/slimplexor.log
I, _snd_pcm_slimplexor_open, PCM dump file is not used
I, _snd_pcm_slimplexor_open, Plugin was loaded
D, callback_hw_params, HW parameters setup callback was invoked
I, set_dst_hw_params, destination device=hw:2,0,1
I, set_dst_hw_params, destination period size=4096
I, set_dst_hw_params, destination periods=8
I, set_dst_hw_params, source format=2
D, open_destination_device, Transfer buffer was allocated (49152 bytes)
D, callback_sw_params, SW parameters setup callback was invoked
D, callback_prepare, Prepare processing callback was invoked
D, callback_sw_params, SW parameters setup callback was invoked
D, callback_pointer, Pointer change callback was called (pointer=0, buffer size=32768)
D, callback_transfer, Data transfer callback was invoked (offset=0, frames provided=4096, frames already present=0)
D, callback_pointer, Pointer change callback was called (pointer=8192, buffer size=32768)
D, callback_transfer, Data transfer callback was invoked (offset=0, frames provided=4096, frames already present=0)
D, callback_pointer, Pointer change callback was called (pointer=12288, buffer size=32768)
D, callback_transfer, Data transfer callback was invoked (offset=0, frames provided=4096, frames already present=0)
D, callback_pointer, Pointer change callback was called (pointer=16384, buffer size=32768)
D, callback_transfer, Data transfer callback was invoked (offset=0, frames provided=4096, frames already present=0)
D, callback_pointer, Pointer change callback was called (pointer=20480, buffer size=32768)
D, callback_transfer, Data transfer callback was invoked (offset=0, frames provided=4096, frames already present=0)
D, callback_pointer, Pointer change callback was called (pointer=24576, buffer size=32768)
D, callback_transfer, Data transfer callback was invoked (offset=0, frames provided=4096, frames already present=0)
D, callback_pointer, Pointer change callback was called (pointer=28672, buffer size=32768)
D, callback_transfer, Data transfer callback was invoked (offset=0, frames provided=4096, frames already present=0)
D, callback_pointer, Pointer change callback was called (pointer=32768, buffer size=32768)
D, callback_transfer, Data transfer callback was invoked (offset=0, frames provided=4096, frames already present=0)
D, callback_pointer, Pointer change callback was called (pointer=4096, buffer size=32768)
D, callback_transfer, Data transfer callback was invoked (offset=0, frames provided=4096, frames already present=0)
D, callback_pointer, Pointer change callback was called (pointer=8192, buffer size=32768)
D, callback_transfer, Data transfer callback was invoked (offset=0, frames provided=4096, frames already present=0)
D, callback_pointer, Pointer change callback was called (pointer=12288, buffer size=32768)
D, callback_transfer, Data transfer callback was invoked (offset=0, frames provided=4096, frames already present=0)
D, callback_pointer, Pointer change callback was called (pointer=16384, buffer size=32768)
D, callback_transfer, Data transfer callback was invoked (offset=0, frames provided=4096, frames already present=0)
D, callback_pointer, Pointer change callback was called (pointer=20480, buffer size=32768)
D, callback_transfer, Data transfer callback was invoked (offset=0, frames provided=4096, frames already present=0)
D, callback_pointer, Pointer change callback was called (pointer=24576, buffer size=32768)
D, callback_transfer, Data transfer callback was invoked (offset=0, frames provided=4096, frames already present=0)
D, callback_pointer, Pointer change callback was called (pointer=28672, buffer size=32768)
D, callback_transfer, Data transfer callback was invoked (offset=0, frames provided=4096, frames already present=0)
D, callback_pointer, Pointer change callback was called (pointer=32768, buffer size=32768)
D, callback_transfer, Data transfer callback was invoked (offset=0, frames provided=4096, frames already present=0)
D, callback_pointer, Pointer change callback was called (pointer=4096, buffer size=32768)
D, callback_transfer, Data transfer callback was invoked (offset=0, frames provided=4096, frames already present=0)
D, callback_pointer, Pointer change callback was called (pointer=8192, buffer size=32768)
D, callback_transfer, Data transfer callback was invoked (offset=0, frames provided=4096, frames already present=0)
D, callback_pointer, Pointer change callback was called (pointer=12288, buffer size=32768)
D, callback_transfer, Data transfer callback was invoked (offset=0, frames provided=4096, frames already present=0)
D, callback_pointer, Pointer change callback was called (pointer=16384, buffer size=32768)
D, callback_transfer, Data transfer callback was invoked (offset=0, frames provided=4096, frames already present=0)
D, callback_pointer, Pointer change callback was called (pointer=20480, buffer size=32768)
D, callback_transfer, Data transfer callback was invoked (offset=0, frames provided=4096, frames already present=0)
D, callback_pointer, Pointer change callback was called (pointer=24576, buffer size=32768)
D, callback_transfer, Data transfer callback was invoked (offset=0, frames provided=4096, frames already present=0)
D, callback_pointer, Pointer change callback was called (pointer=28672, buffer size=32768)
D, callback_transfer, Data transfer callback was invoked (offset=0, frames provided=4096, frames already present=0)
D, callback_pointer, Pointer change callback was called (pointer=32768, buffer size=32768)
D, callback_transfer, Data transfer callback was invoked (offset=0, frames provided=4096, frames already present=0)
D, callback_pointer, Pointer change callback was called (pointer=4096, buffer size=32768)
D, callback_transfer, Data transfer callback was invoked (offset=0, frames provided=4096, frames already present=0)
D, callback_pointer, Pointer change callback was called (pointer=8192, buffer size=32768)
D, callback_transfer, Data transfer callback was invoked (offset=0, frames provided=4096, frames already present=0)
D, callback_pointer, Pointer change callback was called (pointer=12288, buffer size=32768)
D, callback_transfer, Data transfer callback was invoked (offset=0, frames provided=4096, frames already present=0)
D, callback_pointer, Pointer change callback was called (pointer=16384, buffer size=32768)
D, callback_transfer, Data transfer callback was invoked (offset=0, frames provided=4096, frames already present=0)
D, callback_pointer, Pointer change callback was called (pointer=20480, buffer size=32768)
D, callback_transfer, Data transfer callback was invoked (offset=0, frames provided=4096, frames already present=0)
D, callback_pointer, Pointer change callback was called (pointer=24576, buffer size=32768)
D, callback_transfer, Data transfer callback was invoked (offset=0, frames provided=4096, frames already present=0)
D, callback_pointer, Pointer change callback was called (pointer=28672, buffer size=32768)
D, callback_transfer, Data transfer callback was invoked (offset=0, frames provided=4096, frames already present=0)
D, callback_pointer, Pointer change callback was called (pointer=32768, buffer size=32768)
D, callback_transfer, Data transfer callback was invoked (offset=0, frames provided=4096, frames already present=0)
D, callback_pointer, Pointer change callback was called (pointer=4096, buffer size=32768)
D, callback_transfer, Data transfer callback was invoked (offset=0, frames provided=4096, frames already present=0)
D, callback_pointer, Pointer change callback was called (pointer=8192, buffer size=32768)
D, callback_transfer, Data transfer callback was invoked (offset=0, frames provided=4096, frames already present=0)
D, callback_pointer, Pointer change callback was called (pointer=12288, buffer size=32768)
D, callback_transfer, Data transfer callback was invoked (offset=0, frames provided=4096, frames already present=0)
D, callback_pointer, Pointer change callback was called (pointer=16384, buffer size=32768)
D, callback_transfer, Data transfer callback was invoked (offset=0, frames provided=4096, frames already present=0)
D, callback_pointer, Pointer change callback was called (pointer=20480, buffer size=32768)
D, callback_transfer, Data transfer callback was invoked (offset=0, frames provided=4096, frames already present=0)
D, callback_pointer, Pointer change callback was called (pointer=24576, buffer size=32768)
D, callback_transfer, Data transfer callback was invoked (offset=0, frames provided=4096, frames already present=0)
D, callback_pointer, Pointer change callback was called (pointer=28672, buffer size=32768)
D, callback_transfer, Data transfer callback was invoked (offset=0, frames provided=4096, frames already present=0)
D, callback_pointer, Pointer change callback was called (pointer=32768, buffer size=32768)
D, callback_transfer, Data transfer callback was invoked (offset=0, frames provided=4096, frames already present=0)
D, callback_pointer, Pointer change callback was called (pointer=4096, buffer size=32768)
D, callback_transfer, Data transfer callback was invoked (offset=0, frames provided=4096, frames already present=0)
D, callback_pointer, Pointer change callback was called (pointer=8192, buffer size=32768)
D, callback_transfer, Data transfer callback was invoked (offset=0, frames provided=4096, frames already present=0)
D, callback_pointer, Pointer change callback was called (pointer=12288, buffer size=32768)
D, callback_transfer, Data transfer callback was invoked (offset=0, frames provided=4096, frames already present=0)
D, callback_pointer, Pointer change callback was called (pointer=16384, buffer size=32768)
D, callback_transfer, Data transfer callback was invoked (offset=0, frames provided=4096, frames already present=0)
D, callback_pointer, Pointer change callback was called (pointer=20480, buffer size=32768)
D, callback_transfer, Data transfer callback was invoked (offset=0, frames provided=4096, frames already present=0)
D, callback_pointer, Pointer change callback was called (pointer=24576, buffer size=32768)
D, callback_transfer, Data transfer callback was invoked (offset=0, frames provided=4096, frames already present=0)
D, callback_pointer, Pointer change callback was called (pointer=28672, buffer size=32768)
D, callback_transfer, Data transfer callback was invoked (offset=0, frames provided=4096, frames already present=0)
D, callback_pointer, Pointer change callback was called (pointer=32768, buffer size=32768)
D, callback_transfer, Data transfer callback was invoked (offset=0, frames provided=4096, frames already present=0)
D, callback_pointer, Pointer change callback was called (pointer=4096, buffer size=32768)
D, callback_transfer, Data transfer callback was invoked (offset=0, frames provided=4096, frames already present=0)
D, callback_pointer, Pointer change callback was called (pointer=8192, buffer size=32768)
D, callback_transfer, Data transfer callback was invoked (offset=0, frames provided=4096, frames already present=0)
D, callback_pointer, Pointer change callback was called (pointer=12288, buffer size=32768)
D, callback_transfer, Data transfer callback was invoked (offset=0, frames provided=4096, frames already present=0)
D, callback_pointer, Pointer change callback was called (pointer=16384, buffer size=32768)
D, callback_transfer, Data transfer callback was invoked (offset=0, frames provided=4096, frames already present=0)
D, callback_pointer, Pointer change callback was called (pointer=20480, buffer size=32768)
D, callback_transfer, Data transfer callback was invoked (offset=0, frames provided=4096, frames already present=0)
D, callback_pointer, Pointer change callback was called (pointer=24576, buffer size=32768)
D, callback_transfer, Data transfer callback was invoked (offset=0, frames provided=4096, frames already present=0)
D, callback_pointer, Pointer change callback was called (pointer=28672, buffer size=32768)
D, callback_transfer, Data transfer callback was invoked (offset=0, frames provided=4096, frames already present=0)
D, callback_pointer, Pointer change callback was called (pointer=32768, buffer size=32768)
D, callback_transfer, Data transfer callback was invoked (offset=0, frames provided=4096, frames already present=0)
D, callback_pointer, Pointer change callback was called (pointer=4096, buffer size=32768)
D, callback_transfer, Data transfer callback was invoked (offset=0, frames provided=4096, frames already present=0)
D, callback_pointer, Pointer change callback was called (pointer=8192, buffer size=32768)
D, callback_transfer, Data transfer callback was invoked (offset=0, frames provided=4096, frames already present=0)
D, callback_stop, Stop processing callback was invoked
D, callback_stop, Stop processing callback was invoked
D, callback_close, Close stream callback was invoked
I, close_destination_device, Destination device was closed
I, _snd_pcm_slimplexor_open, -----------------------------------
I, _snd_pcm_slimplexor_open, Loading SlimPlexor v0.1.0 plugin...
I, _snd_pcm_slimplexor_open, Logging level is DEBUG
I, _snd_pcm_slimplexor_open, Logging destination is /home/user/Sandbox/Workspace.cpp/SlimStreamer/slimplexor.log
I, _snd_pcm_slimplexor_open, PCM dump file is not used
I, _snd_pcm_slimplexor_open, Plugin was loaded
D, callback_hw_params, HW parameters setup callback was invoked
I, set_dst_hw_params, destination device=hw:2,0,1
I, set_dst_hw_params, destination period size=4096
I, set_dst_hw_params, destination periods=8
I, set_dst_hw_params, source format=2
D, open_destination_device, Transfer buffer was allocated (49152 bytes)
D, callback_sw_params, SW parameters setup callback was invoked
D, callback_prepare, Prepare processing callback was invoked
D, callback_sw_params, SW parameters setup callback was invoked
D, callback_pointer, Pointer change callback was called (pointer=0, buffer size=32768)
D, callback_transfer, Data transfer callback was invoked (offset=0, frames provided=4096, frames already present=0)
D, callback_pointer, Pointer change callback was called (pointer=8192, buffer size=32768)
D, callback_transfer, Data transfer callback was invoked (offset=0, frames provided=4096, frames already present=0)
D, callback_pointer, Pointer change callback was called (pointer=12288, buffer size=32768)
D, callback_transfer, Data transfer callback was invoked (offset=0, frames provided=4096, frames already present=0)
D, callback_pointer, Pointer change callback was called (pointer=16384, buffer size=32768)
D, callback_transfer, Data transfer callback was invoked (offset=0, frames provided=4096, frames already present=0)
D, callback_pointer, Pointer change callback was called (pointer=20480, buffer size=32768)
D, callback_transfer, Data transfer callback was invoked (offset=0, frames provided=4096, frames already present=0)
D, callback_pointer, Pointer change callback was called (pointer=24576, buffer size=32768)
D, callback_transfer, Data transfer callback was invoked (offset=0, frames provided=4096, frames already present=0)
D, callback_pointer, Pointer change callback was called (pointer=28672, buffer size=32768)
D, callback_transfer, Data transfer callback was invoked (offset=0, frames provided=4096, frames already present=0)
D, callback_pointer, Pointer change callback was called (pointer=32768, buffer size=32768)
D, callback_transfer, Data transfer callback was invoked (offset=0, frames provided=4096, frames already present=0)
D, callback_pointer, Pointer change callback was called (pointer=4096, buffer size=32768)
D, callback_transfer, Data transfer callback was invoked (offset=0, frames provided=4096, frames already present=0)
D, callback_pointer, Pointer change callback was called (pointer=8192, buffer size=32768)
D, callback_transfer, Data transfer callback was invoked (offset=0, frames provided=4096, frames already present=0)
D, callback_pointer, Pointer change callback was called (pointer=12288, buffer size=32768)
D, callback_transfer, Data transfer callback was invoked (offset=0, frames provided=4096, frames already present=0)
D, callback_pointer, Pointer change callback was called (pointer=16384, buffer size=32768)
D, callback_transfer, Data transfer callback was invoked (offset=0, frames provided=4096, frames already present=0)
D, callback_pointer, Pointer change callback was called (pointer=20480, buffer size=32768)
D, callback_transfer, Data transfer callback was invoked (offset=0, frames provided=4096, frames already present=0)
D, callback_pointer, Pointer change callback was called (pointer=24576, buffer size=32768)
D, callback_transfer, Data transfer callback was invoked (offset=0, frames provided=4096, frames already present=0)
D, callback_pointer, Pointer change callback was called (pointer=28672, buffer size=32768)
D, callback_transfer, Data transfer callback was invoked (offset=0, frames provided=4096, frames already present=0)
D, callback_pointer, Pointer change callback was called (pointer=32768, buffer size=32768)
D, callback_transfer, Data transfer callback was invoked (offset=0, frames provided=4096, frames already present=0)
D, callback_pointer, Pointer change callback was called (pointer=4096, buffer size=32768)
D, callback_transfer, Data transfer callback was invoked (offset=0, frames provided=4096, frames already present=0)
D, callback_pointer, Pointer change callback was called (pointer=8192, buffer size=32768)
D, callback_transfer, Data transfer callback was invoked (offset=0, frames provided=4096, frames already present=0)
D, callback_pointer, Pointer change callback was called (pointer=12288, buffer size=32768)
D, callback_transfer, Data transfer callback was invoked (offset=0, frames provided=4096, frames already present=0)
D, callback_pointer, Pointer change callback was called (pointer=16384, buffer size=32768)
D, callback_transfer, Data transfer callback was invoked (offset=0, frames provided=4096, frames already present=0)
D, callback_pointer, Pointer change callback was called (pointer=20480, buffer size=32768)
D, callback_transfer, Data transfer callback was invoked (offset=0, frames provided=4096, frames already present=0)
D, callback_pointer, Pointer change callback was called (pointer=24576, buffer size=32768)
D, callback_transfer, Data transfer callback was invoked (offset=0, frames provided=4096, frames already present=0)
D, callback_pointer, Pointer change callback was called (pointer=28672, buffer size=32768)
D, callback_transfer, Data transfer callback was invoked (offset=0, frames provided=4096, frames already present=0)
D, callback_pointer, Pointer change callback was called (pointer=32768, buffer size=32768)
D, callback_transfer, Data transfer callback was invoked (offset=0, frames provided=4096, frames already present=0)
D, callback_pointer, Pointer change callback was called (pointer=4096, buffer size=32768)
D, callback_transfer, Data transfer callback was invoked (offset=0, frames provided=4096, frames already present=0)
D, callback_pointer, Pointer change callback was called (pointer=8192, buffer size=32768)
D, callback_transfer, Data transfer callback was invoked (offset=0, frames provided=4096, frames already present=0)
D, callback_pointer, Pointer change callback was called (pointer=12288, buffer size=32768)
D, callback_transfer, Data transfer callback was invoked (offset=0, frames provided=4096, frames already present=0)
D, callback_pointer, Pointer change callback was called (pointer=16384, buffer size=32768)
D, callback_transfer, Data transfer callback was invoked (offset=0, frames provided=4096, frames already present=0)
D, callback_pointer, Pointer change callback was called (pointer=20480, buffer size=32768)
D, callback_transfer, Data transfer callback was invoked (offset=0, frames provided=4096, frames already present=0)
D, callback_pointer, Pointer change callback was called (pointer=24576, buffer size=32768)
D, callback_transfer, Data transfer callback was invoked (offset=0, frames provided=4096, frames already present=0)
D, callback_pointer, Pointer change callback was called (pointer=28672, buffer size=32768)
D, callback_transfer, Data transfer callback was invoked (offset=0, frames provided=4096, frames already present=0)
D, callback_pointer, Pointer change callback was called (pointer=32768, buffer size=32768)
D, callback_transfer, Data transfer callback was invoked (offset=0, frames provided=4096, frames already present=0)
D, callback_pointer, Pointer change callback was called (pointer=4096, buffer size=32768)
D, callback_transfer, Data transfer callback was invoked (offset=0, frames provided=4096, frames already present=0)
D, callback_pointer, Pointer change callback was called (pointer=8192, buffer size=32768)
D, callback_transfer, Data transfer callback was invoked (offset=0, frames provided=4096, frames already present=0)
D, callback_pointer, Pointer change callback was called (pointer=12288, buffer size=32768)
D, callback_transfer, Data transfer callback was invoked (offset=0, frames provided=4096, frames already present=0)
D, callback_pointer, Pointer change callback was called (pointer=16384, buffer size=32768)
D, callback_transfer, Data transfer callback was invoked (offset=0, frames provided=4096, frames already present=0)
D, callback_pointer, Pointer change callback was called (pointer=20480, buffer size=32768)
D, callback_transfer, Data transfer callback was invoked (offset=0, frames provided=4096, frames already present=0)
D, callback_pointer, Pointer change callback was called (pointer=24576, buffer size=32768)
D, callback_transfer, Data transfer callback was invoked (offset=0, frames provided=4096, frames already present=0)
D, callback_pointer, Pointer change callback was called (pointer=28672, buffer size=32768)
D, callback_transfer, Data transfer callback was invoked (offset=0, frames provided=4096, frames already present=0)
D, callback_pointer, Pointer change callback was called (pointer=32768, buffer size=32768)
D, callback_transfer, Data transfer callback was invoked (offset=0, frames provided=4096, frames already present=0)
D, callback_pointer, Pointer change callback was called (pointer=4096, buffer size=32768)
D, callback_transfer, Data transfer callback was invoked (offset=0, frames provided=4096, frames already present=0)
D, callback_pointer, Pointer change callback was called (pointer=8192, buffer size=32768)
D, callback_transfer, Data transfer callback was invoked (offset=0, frames provided=4096, frames already present=0)
D, callback_pointer, Pointer change callback was called (pointer=12288, buffer size=32768)
D, callback_transfer, Data transfer callback was invoked (offset=0, frames provided=4096, frames already present=0)
D, callback_pointer, Pointer change callback was called (pointer=16384, buffer size=32768)
D, callback_transfer, Data transfer callback was invoked (offset=0, frames provided=4096, frames already present=0)
D, callback_pointer, Pointer change callback was called (pointer=20480, buffer size=32768)
D, callback_transfer, Data transfer callback was invoked (offset=0, frames provided=4096, frames already present=0)
D, callback_pointer, Pointer change callback was called (pointer=24576, buffer size=32768)
D, callback_transfer, Data transfer callback was invoked (offset=0, frames provided=4096, frames already present=0)
D, callback_pointer, Pointer change callback was called (pointer=28672, buffer size=32768)
D, callback_transfer, Data transfer callback was invoked (offset=0, frames provided=4096, frames already present=0)
D, callback_pointer, Pointer change callback was called (pointer=32768, buffer size=32768)
D, callback_transfer, Data transfer callback was invoked (offset=0, frames provided=4096, frames already present=0)
D, callback_pointer, Pointer change callback was called (pointer=4096, buffer size=32768)
D, callback_transfer, Data transfer callback was invoked (offset=0, frames provided=4096, frames already present=0)
D, callback_pointer, Pointer change callback was called (pointer=8192, buffer size=32768)
D, callback_transfer, Data transfer callback was invoked (offset=0, frames provided=4096, frames already present=0)
D, callback_pointer, Pointer change callback was called (pointer=12288, buffer size=32768)
D, callback_transfer, Data transfer callback was invoked (offset=0, frames provided=4096, frames already present=0)
D, callback_pointer, Pointer change callback was called (pointer=16384, buffer size=32768)
D, callback_transfer, Data transfer callback was invoked (offset=0, frames provided=4096, frames already present=0)
D, callback_pointer, Pointer change callback was called (pointer=20480, buffer size=32768)
D, callback_transfer, Data transfer callback was invoked (offset=0, frames provided=4096, frames already present=0)
D, callback_pointer, Pointer change callback was called (pointer=24576, buffer size=32768)
D, callback_transfer, Data transfer callback was invoked (offset=0, frames provided=4096, frames already present=0)
D, callback_pointer, Pointer change callback was called (pointer=28672, buffer size=32768)
D, callback_transfer, Data transfer callback was invoked (offset=0, frames provided=4096, frames already present=0)
D, callback_pointer, Pointer change callback was called (pointer=32768, buffer size=32768)
D, callback_transfer, Data transfer callback was invoked (offset=0, frames provided=4096, frames already present=0)
D, callback_pointer, Pointer change callback was called (pointer=4096, buffer size=32768)
D, callback_transfer, Data transfer callback was invoked (offset=0, frames provided=4096, frames already present=0)
D, callback_pointer, Pointer change callback was called (pointer=8192, buffer size=32768)
D, callback_transfer, Data transfer callback was invoked (offset=0, frames provided=4096, frames already present=0)
D, callback_stop, Stop processing callback was invoked
D, callback_stop, Stop processing callback was invoked
D, callback_close, Close stream callback was invoked
I, close_destination_device, Destination device was closed
I, _snd_pcm_slimplexor_open, -----------------------------------
I, _snd_pcm_slimplexor_open, Loading SlimPlexor v0.1.0 plugin...
I, _snd_pcm_slimplexor_open, Logging level is DEBUG
I, _snd_pcm_slimplexor_open, Logging destination is /home/user/Sandbox/Workspace.cpp/SlimStreamer/slimplexor.log
I, _snd_pcm_slimplexor_open, PCM dump file is not used
I, _snd_pcm_slimplexor_open, Plugin was loaded
D, callback_hw_params, HW parameters setup callback was invoked
I, set_dst_hw_params, destination device=hw:2,0,1
I, set_dst_hw_params, destination period size=4096
I, set_dst_hw_params, destination periods=8
I, set_dst_hw_params, source format=2
D, open_destination_device, Transfer buffer was allocated (49152 bytes)
D, callback_sw_params, SW parameters setup callback was invoked
D, callback_prepare, Prepare processing callback was invoked
D, callback_sw_params, SW parameters setup callback was invoked
D, callback_pointer, Pointer change callback was called (pointer=0, buffer size=32768)
D, callback_transfer, Data transfer callback was invoked (offset=0, frames provided=4096, frames already present=0)
D, callback_pointer, Pointer change callback was called (pointer=8192, buffer size=32768)
D, callback_transfer, Data transfer callback was invoked (offset=0, frames provided=4096, frames already present=0)
D, callback_pointer, Pointer change callback was called (pointer=12288, buffer size=32768)
D, callback_transfer, Data transfer callback was invoked (offset=0, frames provided=4096, frames already present=0)
D, callback_pointer, Pointer change callback was called (pointer=16384, buffer size=32768)
D, callback_transfer, Data transfer callback was invoked (offset=0, frames provided=4096, frames already present=0)
D, callback_pointer, Pointer change callback was called (pointer=20480, buffer size=32768)
D, callback_transfer, Data transfer callback was invoked (offset=0, frames provided=4096, frames already present=0)
D, callback_pointer, Pointer change callback was called (pointer=24576, buffer size=32768)
D, callback_transfer, Data transfer callback was invoked (offset=0, frames provided=4096, frames already present=0)
D, callback_pointer, Pointer change callback was called (pointer=28672, buffer size=32768)
D, callback_transfer, Data transfer callback was invoked (offset=0, frames provided=4096, frames already present=0)
D, callback_pointer, Pointer change callback was called (pointer=32768, buffer size=32768)
D, callback_transfer, Data transfer callback was invoked (offset=0, frames provided=4096, frames already present=0)
D, callback_pointer, Pointer change callback was called (pointer=4096, buffer size=32768)
D, callback_transfer, Data transfer callback was invoked (offset=0, frames provided=4096, frames already present=0)
D, callback_pointer, Pointer change callback was called (pointer=8192, buffer size=32768)
D, callback_transfer, Data transfer callback was invoked (offset=0, frames provided=4096, frames already present=0)
D, callback_pointer, Pointer change callback was called (pointer=12288, buffer size=32768)
D, callback_transfer, Data transfer callback was invoked (offset=0, frames provided=4096, frames already present=0)
D, callback_pointer, Pointer change callback was called (pointer=16384, buffer size=32768)
D, callback_transfer, Data transfer callback was invoked (offset=0, frames provided=4096, frames already present=0)
D, callback_pointer, Pointer change callback was called (pointer=20480, buffer size=32768)
D, callback_transfer, Data transfer callback was invoked (offset=0, frames provided=4096, frames already present=0)
D, callback_pointer, Pointer change callback was called (pointer=24576, buffer size=32768)
D, callback_transfer, Data transfer callback was invoked (offset=0, frames provided=4096, frames already present=0)
D, callback_pointer, Pointer change callback was called (pointer=28672, buffer size=32768)
D, callback_transfer, Data transfer callback was invoked (offset=0, frames provided=4096, frames already present=0)
D, callback_pointer, Pointer change callback was called (pointer=32768, buffer size=32768)
D, callback_transfer, Data transfer callback was invoked (offset=0, frames provided=4096, frames already present=0)
D, callback_pointer, Pointer change callback was called (pointer=4096, buffer size=32768)
D, callback_transfer, Data transfer callback was invoked (offset=0, frames provided=4096, frames already present=0)
D, callback_pointer, Pointer change callback was called (pointer=8192, buffer size=32768)
D, callback_transfer, Data transfer callback was invoked (offset=0, frames provided=4096, frames already present=0)
D, callback_pointer, Pointer change callback was called (pointer=12288, buffer size=32768)
D, callback_transfer, Data transfer callback was invoked (offset=0, frames provided=4096, frames already present=0)
D, callback_pointer, Pointer change callback was called (pointer=16384, buffer size=32768)
D, callback_transfer, Data transfer callback was invoked (offset=0, frames provided=4096, frames already present=0)
D, callback_pointer, Pointer change callback was called (pointer=20480, buffer size=32768)
D, callback_transfer, Data transfer callback was invoked (offset=0, frames provided=4096, frames already present=0)
D, callback_pointer, Pointer change callback was called (pointer=24576, buffer size=32768)
D, callback_transfer, Data transfer callback was invoked (offset=0, frames provided=4096, frames already present=0)
D, callback_pointer, Pointer change callback was called (pointer=28672, buffer size=32768)
D, callback_transfer, Data transfer callback was invoked (offset=0, frames provided=4096, frames already present=0)
D, callback_pointer, Pointer change callback was called (pointer=32768, buffer size=32768)
D, callback_transfer, Data transfer callback was invoked (offset=0, frames provided=4096, frames already present=0)
D, callback_pointer, Pointer change callback was called (pointer=4096, buffer size=32768)
D, callback_transfer, Data transfer callback was invoked (offset=0, frames provided=4096, frames already present=0)
D, callback_pointer, Pointer change callback was called (pointer=8192, buffer size=32768)
D, callback_transfer, Data transfer callback was invoked (offset=0, frames provided=4096, frames already present=0)
D, callback_pointer, Pointer change callback was called (pointer=12288, buffer size=32768)
D, callback_transfer, Data transfer callback was invoked (offset=0, frames provided=4096, frames already present=0)
D, callback_pointer, Pointer change callback was called (pointer=16384, buffer size=32768)
D, callback_transfer, Data transfer callback was invoked (offset=0, frames provided=4096, frames already present=0)
D, callback_pointer, Pointer change callback was called (pointer=20480, buffer size=32768)
D, callback_transfer, Data transfer callback was invoked (offset=0, frames provided=4096, frames already present=0)
D, callback_pointer, Pointer change callback was called (pointer=24576, buffer size=32768)
D, callback_transfer, Data transfer callback was invoked (offset=0, frames provided=4096, frames already present=0)
D, callback_pointer, Pointer change callback was called (pointer=28672, buffer size=32768)
D, callback_transfer, Data transfer callback was invoked (offset=0, frames provided=4096, frames already present=0)
D, callback_pointer, Pointer change callback was called (pointer=32768, buffer size=32768)
D, callback_transfer, Data transfer callback was invoked (offset=0, frames provided=4096, frames already present=0)
D, callback_pointer, Pointer change callback was called (pointer=4096, buffer size=32768)
D, callback_transfer, Data transfer callback was invoked (offset=0, frames provided=4096, frames already present=0)
D, callback_pointer, Pointer change callback was called (pointer=8192, buffer size=32768)
D, callback_transfer, Data transfer callback was invoked (offset=0, frames provided=4096, frames already present=0)
D, callback_pointer, Pointer change callback was called (pointer=12288, buffer size=32768)
D, callback_transfer, Data transfer callback was invoked (offset=0, frames provided=4096, frames already present=0)
D, callback_pointer, Pointer change callback was called (pointer=16384, buffer size=32768)
D, callback_transfer, Data transfer callback was invoked (offset=0, frames provided=4096, frames already present=0)
D, callback_pointer, Pointer change callback was called (pointer=20480, buffer size=32768)
D, callback_transfer, Data transfer callback was invoked (offset=0, frames provided=4096, frames already present=0)
D, callback_pointer, Pointer change callback was called (pointer=24576, buffer size=32768)
D, callback_transfer, Data transfer callback was invoked (offset=0, frames provided=4096, frames already present=0)
D, callback_pointer, Pointer change callback was called (pointer=28672, buffer size=32768)
D, callback_transfer, Data transfer callback was invoked (offset=0, frames provided=4096, frames already present=0)
D, callback_pointer, Pointer change callback was called (pointer=32768, buffer size=32768)
D, callback_transfer, Data transfer callback was invoked (offset=0, frames provided=4096, frames already present=0)
D, callback_pointer, Pointer change callback was called (pointer=4096, buffer size=32768)
D, callback_transfer, Data transfer callback was invoked (offset=0, frames provided=4096, frames already present=0)
D, callback_pointer, Pointer change callback was called (pointer=8192, buffer size=32768)
D, callback_transfer, Data transfer callback was invoked (offset=0, frames provided=4096, frames already present=0)
D, callback_pointer, Pointer change callback was called (pointer=12288, buffer size=32768)
D, callback_transfer, Data transfer callback was invoked (offset=0, frames provided=4096, frames already present=0)
D, callback_pointer, Pointer change callback was called (pointer=16384, buffer size=32768)
D, callback_transfer, Data transfer callback was invoked (offset=0, frames provided=4096, frames already present=0)
D, callback_pointer, Pointer change callback was called (pointer=20480, buffer size=32768)
D, callback_transfer, Data transfer callback was invoked (offset=0, frames provided=4096, frames already present=0)
D, callback_pointer, Pointer change callback was called (pointer=24576, buffer size=32768)
D, callback_transfer, Data transfer callback was invoked (offset=0, frames provided=4096, frames already present=0)
D, callback_pointer, Pointer change callback was called (pointer=28672, buffer size=32768)
D, callback_transfer, Data transfer callback was invoked (offset=0, frames provided=4096, frames already present=0)
D, callback_pointer, Pointer change callback was called (pointer=32768, buffer size=32768)
D, callback_transfer, Data transfer callback was invoked (offset=0, frames provided=4096, frames already present=0)
D, callback_pointer, Pointer change callback was called (pointer=4096, buffer size=32768)
D, callback_transfer, Data transfer callback was invoked (offset=0, frames provided=4096, frames already present=0)
D, callback_pointer, Pointer change callback was called (pointer=8192, buffer size=32768)
D, callback_transfer, Data transfer callback was invoked (offset=0, frames provided=4096, frames already present=0)
D, callback_pointer, Pointer change callback was called (pointer=12288, buffer size=32768)
D, callback_transfer, Data transfer callback was invoked (offset=0, frames provided=4096, frames already present=0)
D, callback_pointer, Pointer change callback was called (pointer=16384, buffer size=32768)
D, callback_transfer, Data transfer callback was invoked (offset=0, frames provided=4096, frames already present=0)
D, callback_pointer, Pointer change callback was called (pointer=20480, buffer size=32768)
D, callback_transfer, Data transfer callback was invoked (offset=0, frames provided=4096, frames already present=0)
D, callback_pointer, Pointer change callback was called (pointer=24576, buffer size=32768)
D, callback_transfer, Data transfer callback was invoked (offset=0, frames provided=4096, frames already present=0)
D, callback_pointer, Pointer change callback was called (pointer=28672, buffer size=32768)
D, callback_transfer, Data transfer callback was invoked (offset=0, frames provided=4096, frames already present=0)
D, callback_pointer, Pointer change callback was called (pointer=32768, buffer size=32768)
D, callback_transfer, Data transfer callback was invoked (offset=0, frames provided=4096, frames already present=0)
D, callback_pointer, Pointer change callback was called (pointer=4096, buffer size=32768)
D, callback_transfer, Data transfer callback was invoked (offset=0, frames provided=4096, frames already present=0)
D, callback_pointer, Pointer change callback was called (pointer=8192, buffer size=32768)
D, callback_transfer, Data transfer callback was invoked (offset=0, frames provided=4096, frames already present=0)
D, callback_stop, Stop processing callback was invoked
D, callback_stop, Stop processing callback was invoked
D, callback_close, Close stream callback was invoked
I, close_destination_device, Destination device was closed
